[Movies]:2024-06-29 09:57:04,434:ERROR:movies.db not found or zero size
[Movies]:2024-06-29 09:57:04,435:DEBUG:DB Connected
[Movies]:2024-06-29 09:57:04,436:DEBUG:Cursor set
[Movies]:2024-06-29 09:57:04,445:DEBUG:DB Query executed and returned
[Movies]:2024-06-29 09:57:04,446:DEBUG:[Info] DB Closed.
[Movies]:2024-06-29 09:57:04,446:INFO:Completed test.
[Movies]:2024-06-29 09:57:12,120:DEBUG:movies.db found and not zero size
[Movies]:2024-06-29 09:57:12,120:DEBUG:DB Connected
[Movies]:2024-06-29 09:57:12,120:DEBUG:Cursor set
[Movies]:2024-06-29 09:57:12,120:DEBUG:[Info] DB Closed.
[Movies]:2024-06-29 09:57:12,120:INFO:Completed test.
[Movies]:2024-06-29 09:58:42,918:DEBUG:movies.db found and not zero size
[Movies]:2024-06-29 09:58:57,778:DEBUG:DB Connected
[Movies]:2024-06-29 09:59:03,390:DEBUG:Cursor set
[Movies]:2024-06-29 09:59:55,269:DEBUG:[Info] DB Closed.
[Movies]:2024-06-29 10:18:03,463:INFO:Completed test.
[Movies]:2024-06-29 10:18:16,963:DEBUG:movies.db found and not zero size
[Movies]:2024-06-29 10:18:58,379:DEBUG:movies.db found and not zero size
[Movies]:2024-06-29 10:20:05,189:DEBUG:movies.db found and not zero size
[Movies]:2024-06-30 10:14:50,949:DEBUG:movies.db found and not zero size
