[Movies] : 2024-07-09 17:15:36,046 : DEBUG : DB file found and not zero size: C:\Users\kenda\Google Drive\Kendalls Flashdrive\Computer Science\GitHub\sdcce-python-cert\COMP_662_assignments\mod4\dbmovies.sqlite
[Movies] : 2024-07-09 17:15:36,049 : DEBUG : DB Connected
[Movies] : 2024-07-09 17:15:36,049 : DEBUG : Cursor set
[Movies] : 2024-07-09 17:15:36,056 : DEBUG : DB Query executed and returned:
	Query: `UPDATE Movie SET year = 1995 WHERE movieID = 5;`
[Movies] : 2024-07-09 17:15:36,056 : DEBUG : DB Query executed and returned:
	Query: `DELETE FROM Movie WHERE movieID = 11;`
[Movies] : 2024-07-09 17:15:45,306 : DEBUG : DB Query executed and returned:
	Query: `SELECT m.name as Title, m.year as Year, m.minutes as Length, c.name as Genre FROM Movie as m JOIN Category as c ON m.categoryID = c.categoryID WHERE year = 1995;`
[Movies] : 2024-07-09 17:15:47,979 : DEBUG : Transactions committed
[Movies] : 2024-07-09 17:15:47,979 : DEBUG : DB Closed
[Movies] : 2024-07-09 17:15:47,979 : INFO : Completed database operations
[Movies] : 2024-07-09 17:19:56,750 : DEBUG : DB file found and not zero size: C:\Users\kenda\Google Drive\Kendalls Flashdrive\Computer Science\GitHub\sdcce-python-cert\COMP_662_assignments\mod4\dbmovies.sqlite
[Movies] : 2024-07-09 17:19:56,751 : DEBUG : DB Connected
[Movies] : 2024-07-09 17:19:56,751 : DEBUG : Cursor set
[Movies] : 2024-07-09 17:19:56,751 : DEBUG : DB Query executed and returned:
	Query: `UPDATE Movie SET year = 1995 WHERE movieID = 5;`
[Movies] : 2024-07-09 17:20:14,070 : DEBUG : DB Query executed and returned:
	Query: `SELECT m.name as Title, m.year as Year, m.minutes as Length, c.name as Genre FROM Movie as m JOIN Category as c ON m.categoryID = c.categoryID WHERE year = 2002;`
[Movies] : 2024-07-09 17:20:23,350 : DEBUG : DB Query executed and returned:
	Query: `SELECT m.name as Title, m.year as Year, m.minutes as Length, c.name as Genre FROM Movie as m JOIN Category as c ON m.categoryID = c.categoryID WHERE year = 1994;`
[Movies] : 2024-07-09 17:20:25,352 : DEBUG : Transactions committed
[Movies] : 2024-07-09 17:20:25,353 : DEBUG : DB Closed
[Movies] : 2024-07-09 17:20:25,353 : INFO : Completed database operations
[Movies] : 2024-07-12 08:41:23,630 : DEBUG : DB file found and not zero size: C:\Users\kenda\Google Drive\Kendalls Flashdrive\Computer Science\GitHub\sdcce-python-cert\COMP_662_assignments\mod4\dbmovies.sqlite
[Movies] : 2024-07-12 08:41:23,635 : DEBUG : DB Connected
[Movies] : 2024-07-12 08:41:23,636 : DEBUG : Cursor set
[Movies] : 2024-07-12 08:41:23,641 : DEBUG : DB Query executed and returned:
	Query: `UPDATE Movie SET year = 1995 WHERE movieID = 5;`
[Movies] : 2024-07-12 08:45:27,782 : DEBUG : DB file found and not zero size: C:\Users\kenda\Google Drive\Kendalls Flashdrive\Computer Science\GitHub\sdcce-python-cert\COMP_662_assignments\mod4\dbmovies.sqlite
[Movies] : 2024-07-12 08:45:27,783 : DEBUG : DB Connected
[Movies] : 2024-07-12 08:45:27,783 : DEBUG : Cursor set
[Movies] : 2024-07-12 08:45:27,784 : DEBUG : DB Query executed and returned:
	Query: `UPDATE Movie SET year = 1995 WHERE movieID = 5;`
[Movies] : 2024-07-12 08:46:35,892 : DEBUG : DB Query executed and returned:
	Query: `SELECT m.name as Title, m.year as Year, m.minutes as Length, c.name as Genre FROM Movie as m JOIN Category as c ON m.categoryID = c.categoryID WHERE year = 1995;`
[Movies] : 2024-07-12 08:46:43,719 : DEBUG : DB Query executed and returned:
	Query: `SELECT m.name as Title, m.year as Year, m.minutes as Length, c.name as Genre FROM Movie as m JOIN Category as c ON m.categoryID = c.categoryID WHERE year = 2000;`
[Movies] : 2024-07-12 08:46:45,570 : DEBUG : Transactions committed
[Movies] : 2024-07-12 08:46:45,570 : DEBUG : DB Closed
[Movies] : 2024-07-12 08:46:45,570 : INFO : Completed database operations
[Movies] : 2024-07-12 08:46:49,888 : DEBUG : DB file found and not zero size: C:\Users\kenda\Google Drive\Kendalls Flashdrive\Computer Science\GitHub\sdcce-python-cert\COMP_662_assignments\mod4\dbmovies.sqlite
[Movies] : 2024-07-12 08:46:49,889 : DEBUG : DB Connected
[Movies] : 2024-07-12 08:46:49,889 : DEBUG : Cursor set
[Movies] : 2024-07-12 08:46:49,889 : DEBUG : DB Query executed and returned:
	Query: `UPDATE Movie SET year = 1995 WHERE movieID = 5;`
[Movies] : 2024-07-12 08:46:51,569 : DEBUG : DB Query executed and returned:
	Query: `DELETE FROM Movie WHERE movieID = 11;`
